ARM GAS  C:\Users\81506\AppData\Local\Temp\cciPcH28.s 			page 1


   1              		.cpu cortex-m4
   2              		.arch armv7e-m
   3              		.fpu fpv4-sp-d16
   4              		.eabi_attribute 27, 1
   5              		.eabi_attribute 28, 1
   6              		.eabi_attribute 20, 1
   7              		.eabi_attribute 21, 1
   8              		.eabi_attribute 23, 3
   9              		.eabi_attribute 24, 1
  10              		.eabi_attribute 25, 1
  11              		.eabi_attribute 26, 1
  12              		.eabi_attribute 30, 1
  13              		.eabi_attribute 34, 1
  14              		.eabi_attribute 18, 4
  15              		.file	"stm32f4xx_it.c"
  16              		.text
  17              	.Ltext0:
  18              		.cfi_sections	.debug_frame
  19              		.file 1 "Core/Src/stm32f4xx_it.c"
  20              		.section	.text.NMI_Handler,"ax",%progbits
  21              		.align	1
  22              		.global	NMI_Handler
  23              		.syntax unified
  24              		.thumb
  25              		.thumb_func
  27              	NMI_Handler:
  28              	.LFB134:
   1:Core/Src/stm32f4xx_it.c **** /* USER CODE BEGIN Header */
   2:Core/Src/stm32f4xx_it.c **** /**
   3:Core/Src/stm32f4xx_it.c ****   ******************************************************************************
   4:Core/Src/stm32f4xx_it.c ****   * @file    stm32f4xx_it.c
   5:Core/Src/stm32f4xx_it.c ****   * @brief   Interrupt Service Routines.
   6:Core/Src/stm32f4xx_it.c ****   ******************************************************************************
   7:Core/Src/stm32f4xx_it.c ****   * @attention
   8:Core/Src/stm32f4xx_it.c ****   *
   9:Core/Src/stm32f4xx_it.c ****   * Copyright (c) 2025 STMicroelectronics.
  10:Core/Src/stm32f4xx_it.c ****   * All rights reserved.
  11:Core/Src/stm32f4xx_it.c ****   *
  12:Core/Src/stm32f4xx_it.c ****   * This software is licensed under terms that can be found in the LICENSE file
  13:Core/Src/stm32f4xx_it.c ****   * in the root directory of this software component.
  14:Core/Src/stm32f4xx_it.c ****   * If no LICENSE file comes with this software, it is provided AS-IS.
  15:Core/Src/stm32f4xx_it.c ****   *
  16:Core/Src/stm32f4xx_it.c ****   ******************************************************************************
  17:Core/Src/stm32f4xx_it.c ****   */
  18:Core/Src/stm32f4xx_it.c **** /* USER CODE END Header */
  19:Core/Src/stm32f4xx_it.c **** 
  20:Core/Src/stm32f4xx_it.c **** /* Includes ------------------------------------------------------------------*/
  21:Core/Src/stm32f4xx_it.c **** #include "main.h"
  22:Core/Src/stm32f4xx_it.c **** #include "stm32f4xx_it.h"
  23:Core/Src/stm32f4xx_it.c **** /* Private includes ----------------------------------------------------------*/
  24:Core/Src/stm32f4xx_it.c **** /* USER CODE BEGIN Includes */
  25:Core/Src/stm32f4xx_it.c **** #include "can.h"
  26:Core/Src/stm32f4xx_it.c **** /* USER CODE END Includes */
  27:Core/Src/stm32f4xx_it.c **** 
  28:Core/Src/stm32f4xx_it.c **** /* Private typedef -----------------------------------------------------------*/
  29:Core/Src/stm32f4xx_it.c **** /* USER CODE BEGIN TD */
  30:Core/Src/stm32f4xx_it.c **** 
ARM GAS  C:\Users\81506\AppData\Local\Temp\cciPcH28.s 			page 2


  31:Core/Src/stm32f4xx_it.c **** /* USER CODE END TD */
  32:Core/Src/stm32f4xx_it.c **** 
  33:Core/Src/stm32f4xx_it.c **** /* Private define ------------------------------------------------------------*/
  34:Core/Src/stm32f4xx_it.c **** /* USER CODE BEGIN PD */
  35:Core/Src/stm32f4xx_it.c **** 
  36:Core/Src/stm32f4xx_it.c **** /* USER CODE END PD */
  37:Core/Src/stm32f4xx_it.c **** 
  38:Core/Src/stm32f4xx_it.c **** /* Private macro -------------------------------------------------------------*/
  39:Core/Src/stm32f4xx_it.c **** /* USER CODE BEGIN PM */
  40:Core/Src/stm32f4xx_it.c **** 
  41:Core/Src/stm32f4xx_it.c **** /* USER CODE END PM */
  42:Core/Src/stm32f4xx_it.c **** 
  43:Core/Src/stm32f4xx_it.c **** /* Private variables ---------------------------------------------------------*/
  44:Core/Src/stm32f4xx_it.c **** /* USER CODE BEGIN PV */
  45:Core/Src/stm32f4xx_it.c **** 
  46:Core/Src/stm32f4xx_it.c **** /* USER CODE END PV */
  47:Core/Src/stm32f4xx_it.c **** 
  48:Core/Src/stm32f4xx_it.c **** /* Private function prototypes -----------------------------------------------*/
  49:Core/Src/stm32f4xx_it.c **** /* USER CODE BEGIN PFP */
  50:Core/Src/stm32f4xx_it.c **** 
  51:Core/Src/stm32f4xx_it.c **** /* USER CODE END PFP */
  52:Core/Src/stm32f4xx_it.c **** 
  53:Core/Src/stm32f4xx_it.c **** /* Private user code ---------------------------------------------------------*/
  54:Core/Src/stm32f4xx_it.c **** /* USER CODE BEGIN 0 */
  55:Core/Src/stm32f4xx_it.c **** 
  56:Core/Src/stm32f4xx_it.c **** /* USER CODE END 0 */
  57:Core/Src/stm32f4xx_it.c **** 
  58:Core/Src/stm32f4xx_it.c **** /* External variables --------------------------------------------------------*/
  59:Core/Src/stm32f4xx_it.c **** extern CAN_HandleTypeDef hcan1;
  60:Core/Src/stm32f4xx_it.c **** /* USER CODE BEGIN EV */
  61:Core/Src/stm32f4xx_it.c **** 
  62:Core/Src/stm32f4xx_it.c **** /* USER CODE END EV */
  63:Core/Src/stm32f4xx_it.c **** 
  64:Core/Src/stm32f4xx_it.c **** /******************************************************************************/
  65:Core/Src/stm32f4xx_it.c **** /*           Cortex-M4 Processor Interruption and Exception Handlers          */
  66:Core/Src/stm32f4xx_it.c **** /******************************************************************************/
  67:Core/Src/stm32f4xx_it.c **** /**
  68:Core/Src/stm32f4xx_it.c ****   * @brief This function handles Non maskable interrupt.
  69:Core/Src/stm32f4xx_it.c ****   */
  70:Core/Src/stm32f4xx_it.c **** void NMI_Handler(void)
  71:Core/Src/stm32f4xx_it.c **** {
  29              		.loc 1 71 1 view -0
  30              		.cfi_startproc
  31              		@ Volatile: function does not return.
  32              		@ args = 0, pretend = 0, frame = 0
  33              		@ frame_needed = 0, uses_anonymous_args = 0
  34              		@ link register save eliminated.
  35              	.L2:
  72:Core/Src/stm32f4xx_it.c ****   /* USER CODE BEGIN NonMaskableInt_IRQn 0 */
  73:Core/Src/stm32f4xx_it.c **** 
  74:Core/Src/stm32f4xx_it.c ****   /* USER CODE END NonMaskableInt_IRQn 0 */
  75:Core/Src/stm32f4xx_it.c ****   /* USER CODE BEGIN NonMaskableInt_IRQn 1 */
  76:Core/Src/stm32f4xx_it.c ****   while (1)
  36              		.loc 1 76 3 view .LVU1
  77:Core/Src/stm32f4xx_it.c ****   {
  78:Core/Src/stm32f4xx_it.c ****   }
  37              		.loc 1 78 3 view .LVU2
ARM GAS  C:\Users\81506\AppData\Local\Temp\cciPcH28.s 			page 3


  76:Core/Src/stm32f4xx_it.c ****   {
  38              		.loc 1 76 9 view .LVU3
  39 0000 FEE7     		b	.L2
  40              		.cfi_endproc
  41              	.LFE134:
  43              		.section	.text.HardFault_Handler,"ax",%progbits
  44              		.align	1
  45              		.global	HardFault_Handler
  46              		.syntax unified
  47              		.thumb
  48              		.thumb_func
  50              	HardFault_Handler:
  51              	.LFB135:
  79:Core/Src/stm32f4xx_it.c ****   /* USER CODE END NonMaskableInt_IRQn 1 */
  80:Core/Src/stm32f4xx_it.c **** }
  81:Core/Src/stm32f4xx_it.c **** 
  82:Core/Src/stm32f4xx_it.c **** /**
  83:Core/Src/stm32f4xx_it.c ****   * @brief This function handles Hard fault interrupt.
  84:Core/Src/stm32f4xx_it.c ****   */
  85:Core/Src/stm32f4xx_it.c **** void HardFault_Handler(void)
  86:Core/Src/stm32f4xx_it.c **** {
  52              		.loc 1 86 1 view -0
  53              		.cfi_startproc
  54              		@ Volatile: function does not return.
  55              		@ args = 0, pretend = 0, frame = 0
  56              		@ frame_needed = 0, uses_anonymous_args = 0
  57              		@ link register save eliminated.
  58              	.L4:
  87:Core/Src/stm32f4xx_it.c ****   /* USER CODE BEGIN HardFault_IRQn 0 */
  88:Core/Src/stm32f4xx_it.c **** 
  89:Core/Src/stm32f4xx_it.c ****   /* USER CODE END HardFault_IRQn 0 */
  90:Core/Src/stm32f4xx_it.c ****   while (1)
  59              		.loc 1 90 3 view .LVU5
  91:Core/Src/stm32f4xx_it.c ****   {
  92:Core/Src/stm32f4xx_it.c ****     /* USER CODE BEGIN W1_HardFault_IRQn 0 */
  93:Core/Src/stm32f4xx_it.c ****     /* USER CODE END W1_HardFault_IRQn 0 */
  94:Core/Src/stm32f4xx_it.c ****   }
  60              		.loc 1 94 3 view .LVU6
  90:Core/Src/stm32f4xx_it.c ****   {
  61              		.loc 1 90 9 view .LVU7
  62 0000 FEE7     		b	.L4
  63              		.cfi_endproc
  64              	.LFE135:
  66              		.section	.text.MemManage_Handler,"ax",%progbits
  67              		.align	1
  68              		.global	MemManage_Handler
  69              		.syntax unified
  70              		.thumb
  71              		.thumb_func
  73              	MemManage_Handler:
  74              	.LFB136:
  95:Core/Src/stm32f4xx_it.c **** }
  96:Core/Src/stm32f4xx_it.c **** 
  97:Core/Src/stm32f4xx_it.c **** /**
  98:Core/Src/stm32f4xx_it.c ****   * @brief This function handles Memory management fault.
  99:Core/Src/stm32f4xx_it.c ****   */
 100:Core/Src/stm32f4xx_it.c **** void MemManage_Handler(void)
ARM GAS  C:\Users\81506\AppData\Local\Temp\cciPcH28.s 			page 4


 101:Core/Src/stm32f4xx_it.c **** {
  75              		.loc 1 101 1 view -0
  76              		.cfi_startproc
  77              		@ Volatile: function does not return.
  78              		@ args = 0, pretend = 0, frame = 0
  79              		@ frame_needed = 0, uses_anonymous_args = 0
  80              		@ link register save eliminated.
  81              	.L6:
 102:Core/Src/stm32f4xx_it.c ****   /* USER CODE BEGIN MemoryManagement_IRQn 0 */
 103:Core/Src/stm32f4xx_it.c **** 
 104:Core/Src/stm32f4xx_it.c ****   /* USER CODE END MemoryManagement_IRQn 0 */
 105:Core/Src/stm32f4xx_it.c ****   while (1)
  82              		.loc 1 105 3 view .LVU9
 106:Core/Src/stm32f4xx_it.c ****   {
 107:Core/Src/stm32f4xx_it.c ****     /* USER CODE BEGIN W1_MemoryManagement_IRQn 0 */
 108:Core/Src/stm32f4xx_it.c ****     /* USER CODE END W1_MemoryManagement_IRQn 0 */
 109:Core/Src/stm32f4xx_it.c ****   }
  83              		.loc 1 109 3 view .LVU10
 105:Core/Src/stm32f4xx_it.c ****   {
  84              		.loc 1 105 9 view .LVU11
  85 0000 FEE7     		b	.L6
  86              		.cfi_endproc
  87              	.LFE136:
  89              		.section	.text.BusFault_Handler,"ax",%progbits
  90              		.align	1
  91              		.global	BusFault_Handler
  92              		.syntax unified
  93              		.thumb
  94              		.thumb_func
  96              	BusFault_Handler:
  97              	.LFB137:
 110:Core/Src/stm32f4xx_it.c **** }
 111:Core/Src/stm32f4xx_it.c **** 
 112:Core/Src/stm32f4xx_it.c **** /**
 113:Core/Src/stm32f4xx_it.c ****   * @brief This function handles Pre-fetch fault, memory access fault.
 114:Core/Src/stm32f4xx_it.c ****   */
 115:Core/Src/stm32f4xx_it.c **** void BusFault_Handler(void)
 116:Core/Src/stm32f4xx_it.c **** {
  98              		.loc 1 116 1 view -0
  99              		.cfi_startproc
 100              		@ Volatile: function does not return.
 101              		@ args = 0, pretend = 0, frame = 0
 102              		@ frame_needed = 0, uses_anonymous_args = 0
 103              		@ link register save eliminated.
 104              	.L8:
 117:Core/Src/stm32f4xx_it.c ****   /* USER CODE BEGIN BusFault_IRQn 0 */
 118:Core/Src/stm32f4xx_it.c **** 
 119:Core/Src/stm32f4xx_it.c ****   /* USER CODE END BusFault_IRQn 0 */
 120:Core/Src/stm32f4xx_it.c ****   while (1)
 105              		.loc 1 120 3 view .LVU13
 121:Core/Src/stm32f4xx_it.c ****   {
 122:Core/Src/stm32f4xx_it.c ****     /* USER CODE BEGIN W1_BusFault_IRQn 0 */
 123:Core/Src/stm32f4xx_it.c ****     /* USER CODE END W1_BusFault_IRQn 0 */
 124:Core/Src/stm32f4xx_it.c ****   }
 106              		.loc 1 124 3 view .LVU14
 120:Core/Src/stm32f4xx_it.c ****   {
 107              		.loc 1 120 9 view .LVU15
ARM GAS  C:\Users\81506\AppData\Local\Temp\cciPcH28.s 			page 5


 108 0000 FEE7     		b	.L8
 109              		.cfi_endproc
 110              	.LFE137:
 112              		.section	.text.UsageFault_Handler,"ax",%progbits
 113              		.align	1
 114              		.global	UsageFault_Handler
 115              		.syntax unified
 116              		.thumb
 117              		.thumb_func
 119              	UsageFault_Handler:
 120              	.LFB138:
 125:Core/Src/stm32f4xx_it.c **** }
 126:Core/Src/stm32f4xx_it.c **** 
 127:Core/Src/stm32f4xx_it.c **** /**
 128:Core/Src/stm32f4xx_it.c ****   * @brief This function handles Undefined instruction or illegal state.
 129:Core/Src/stm32f4xx_it.c ****   */
 130:Core/Src/stm32f4xx_it.c **** void UsageFault_Handler(void)
 131:Core/Src/stm32f4xx_it.c **** {
 121              		.loc 1 131 1 view -0
 122              		.cfi_startproc
 123              		@ Volatile: function does not return.
 124              		@ args = 0, pretend = 0, frame = 0
 125              		@ frame_needed = 0, uses_anonymous_args = 0
 126              		@ link register save eliminated.
 127              	.L10:
 132:Core/Src/stm32f4xx_it.c ****   /* USER CODE BEGIN UsageFault_IRQn 0 */
 133:Core/Src/stm32f4xx_it.c **** 
 134:Core/Src/stm32f4xx_it.c ****   /* USER CODE END UsageFault_IRQn 0 */
 135:Core/Src/stm32f4xx_it.c ****   while (1)
 128              		.loc 1 135 3 view .LVU17
 136:Core/Src/stm32f4xx_it.c ****   {
 137:Core/Src/stm32f4xx_it.c ****     /* USER CODE BEGIN W1_UsageFault_IRQn 0 */
 138:Core/Src/stm32f4xx_it.c ****     /* USER CODE END W1_UsageFault_IRQn 0 */
 139:Core/Src/stm32f4xx_it.c ****   }
 129              		.loc 1 139 3 view .LVU18
 135:Core/Src/stm32f4xx_it.c ****   {
 130              		.loc 1 135 9 view .LVU19
 131 0000 FEE7     		b	.L10
 132              		.cfi_endproc
 133              	.LFE138:
 135              		.section	.text.SVC_Handler,"ax",%progbits
 136              		.align	1
 137              		.global	SVC_Handler
 138              		.syntax unified
 139              		.thumb
 140              		.thumb_func
 142              	SVC_Handler:
 143              	.LFB139:
 140:Core/Src/stm32f4xx_it.c **** }
 141:Core/Src/stm32f4xx_it.c **** 
 142:Core/Src/stm32f4xx_it.c **** /**
 143:Core/Src/stm32f4xx_it.c ****   * @brief This function handles System service call via SWI instruction.
 144:Core/Src/stm32f4xx_it.c ****   */
 145:Core/Src/stm32f4xx_it.c **** void SVC_Handler(void)
 146:Core/Src/stm32f4xx_it.c **** {
 144              		.loc 1 146 1 view -0
 145              		.cfi_startproc
ARM GAS  C:\Users\81506\AppData\Local\Temp\cciPcH28.s 			page 6


 146              		@ args = 0, pretend = 0, frame = 0
 147              		@ frame_needed = 0, uses_anonymous_args = 0
 148              		@ link register save eliminated.
 147:Core/Src/stm32f4xx_it.c ****   /* USER CODE BEGIN SVCall_IRQn 0 */
 148:Core/Src/stm32f4xx_it.c **** 
 149:Core/Src/stm32f4xx_it.c ****   /* USER CODE END SVCall_IRQn 0 */
 150:Core/Src/stm32f4xx_it.c ****   /* USER CODE BEGIN SVCall_IRQn 1 */
 151:Core/Src/stm32f4xx_it.c **** 
 152:Core/Src/stm32f4xx_it.c ****   /* USER CODE END SVCall_IRQn 1 */
 153:Core/Src/stm32f4xx_it.c **** }
 149              		.loc 1 153 1 view .LVU21
 150 0000 7047     		bx	lr
 151              		.cfi_endproc
 152              	.LFE139:
 154              		.section	.text.DebugMon_Handler,"ax",%progbits
 155              		.align	1
 156              		.global	DebugMon_Handler
 157              		.syntax unified
 158              		.thumb
 159              		.thumb_func
 161              	DebugMon_Handler:
 162              	.LFB140:
 154:Core/Src/stm32f4xx_it.c **** 
 155:Core/Src/stm32f4xx_it.c **** /**
 156:Core/Src/stm32f4xx_it.c ****   * @brief This function handles Debug monitor.
 157:Core/Src/stm32f4xx_it.c ****   */
 158:Core/Src/stm32f4xx_it.c **** void DebugMon_Handler(void)
 159:Core/Src/stm32f4xx_it.c **** {
 163              		.loc 1 159 1 view -0
 164              		.cfi_startproc
 165              		@ args = 0, pretend = 0, frame = 0
 166              		@ frame_needed = 0, uses_anonymous_args = 0
 167              		@ link register save eliminated.
 160:Core/Src/stm32f4xx_it.c ****   /* USER CODE BEGIN DebugMonitor_IRQn 0 */
 161:Core/Src/stm32f4xx_it.c **** 
 162:Core/Src/stm32f4xx_it.c ****   /* USER CODE END DebugMonitor_IRQn 0 */
 163:Core/Src/stm32f4xx_it.c ****   /* USER CODE BEGIN DebugMonitor_IRQn 1 */
 164:Core/Src/stm32f4xx_it.c **** 
 165:Core/Src/stm32f4xx_it.c ****   /* USER CODE END DebugMonitor_IRQn 1 */
 166:Core/Src/stm32f4xx_it.c **** }
 168              		.loc 1 166 1 view .LVU23
 169 0000 7047     		bx	lr
 170              		.cfi_endproc
 171              	.LFE140:
 173              		.section	.text.PendSV_Handler,"ax",%progbits
 174              		.align	1
 175              		.global	PendSV_Handler
 176              		.syntax unified
 177              		.thumb
 178              		.thumb_func
 180              	PendSV_Handler:
 181              	.LFB141:
 167:Core/Src/stm32f4xx_it.c **** 
 168:Core/Src/stm32f4xx_it.c **** /**
 169:Core/Src/stm32f4xx_it.c ****   * @brief This function handles Pendable request for system service.
 170:Core/Src/stm32f4xx_it.c ****   */
 171:Core/Src/stm32f4xx_it.c **** void PendSV_Handler(void)
ARM GAS  C:\Users\81506\AppData\Local\Temp\cciPcH28.s 			page 7


 172:Core/Src/stm32f4xx_it.c **** {
 182              		.loc 1 172 1 view -0
 183              		.cfi_startproc
 184              		@ args = 0, pretend = 0, frame = 0
 185              		@ frame_needed = 0, uses_anonymous_args = 0
 186              		@ link register save eliminated.
 173:Core/Src/stm32f4xx_it.c ****   /* USER CODE BEGIN PendSV_IRQn 0 */
 174:Core/Src/stm32f4xx_it.c **** 
 175:Core/Src/stm32f4xx_it.c ****   /* USER CODE END PendSV_IRQn 0 */
 176:Core/Src/stm32f4xx_it.c ****   /* USER CODE BEGIN PendSV_IRQn 1 */
 177:Core/Src/stm32f4xx_it.c **** 
 178:Core/Src/stm32f4xx_it.c ****   /* USER CODE END PendSV_IRQn 1 */
 179:Core/Src/stm32f4xx_it.c **** }
 187              		.loc 1 179 1 view .LVU25
 188 0000 7047     		bx	lr
 189              		.cfi_endproc
 190              	.LFE141:
 192              		.section	.text.SysTick_Handler,"ax",%progbits
 193              		.align	1
 194              		.global	SysTick_Handler
 195              		.syntax unified
 196              		.thumb
 197              		.thumb_func
 199              	SysTick_Handler:
 200              	.LFB142:
 180:Core/Src/stm32f4xx_it.c **** 
 181:Core/Src/stm32f4xx_it.c **** /**
 182:Core/Src/stm32f4xx_it.c ****   * @brief This function handles System tick timer.
 183:Core/Src/stm32f4xx_it.c ****   */
 184:Core/Src/stm32f4xx_it.c **** void SysTick_Handler(void)
 185:Core/Src/stm32f4xx_it.c **** {
 201              		.loc 1 185 1 view -0
 202              		.cfi_startproc
 203              		@ args = 0, pretend = 0, frame = 0
 204              		@ frame_needed = 0, uses_anonymous_args = 0
 205 0000 08B5     		push	{r3, lr}
 206              	.LCFI0:
 207              		.cfi_def_cfa_offset 8
 208              		.cfi_offset 3, -8
 209              		.cfi_offset 14, -4
 186:Core/Src/stm32f4xx_it.c ****   /* USER CODE BEGIN SysTick_IRQn 0 */
 187:Core/Src/stm32f4xx_it.c **** 
 188:Core/Src/stm32f4xx_it.c ****   /* USER CODE END SysTick_IRQn 0 */
 189:Core/Src/stm32f4xx_it.c ****   HAL_IncTick();
 210              		.loc 1 189 3 view .LVU27
 211 0002 FFF7FEFF 		bl	HAL_IncTick
 212              	.LVL0:
 190:Core/Src/stm32f4xx_it.c ****   /* USER CODE BEGIN SysTick_IRQn 1 */
 191:Core/Src/stm32f4xx_it.c **** 
 192:Core/Src/stm32f4xx_it.c ****   /* USER CODE END SysTick_IRQn 1 */
 193:Core/Src/stm32f4xx_it.c **** }
 213              		.loc 1 193 1 is_stmt 0 view .LVU28
 214 0006 08BD     		pop	{r3, pc}
 215              		.cfi_endproc
 216              	.LFE142:
 218              		.section	.text.CAN1_RX0_IRQHandler,"ax",%progbits
 219              		.align	1
ARM GAS  C:\Users\81506\AppData\Local\Temp\cciPcH28.s 			page 8


 220              		.global	CAN1_RX0_IRQHandler
 221              		.syntax unified
 222              		.thumb
 223              		.thumb_func
 225              	CAN1_RX0_IRQHandler:
 226              	.LFB143:
 194:Core/Src/stm32f4xx_it.c **** 
 195:Core/Src/stm32f4xx_it.c **** /******************************************************************************/
 196:Core/Src/stm32f4xx_it.c **** /* STM32F4xx Peripheral Interrupt Handlers                                    */
 197:Core/Src/stm32f4xx_it.c **** /* Add here the Interrupt Handlers for the used peripherals.                  */
 198:Core/Src/stm32f4xx_it.c **** /* For the available peripheral interrupt handler names,                      */
 199:Core/Src/stm32f4xx_it.c **** /* please refer to the startup file (startup_stm32f4xx.s).                    */
 200:Core/Src/stm32f4xx_it.c **** /******************************************************************************/
 201:Core/Src/stm32f4xx_it.c **** 
 202:Core/Src/stm32f4xx_it.c **** /**
 203:Core/Src/stm32f4xx_it.c ****   * @brief This function handles CAN1 RX0 interrupts.
 204:Core/Src/stm32f4xx_it.c ****   */
 205:Core/Src/stm32f4xx_it.c **** void CAN1_RX0_IRQHandler(void)
 206:Core/Src/stm32f4xx_it.c **** {
 227              		.loc 1 206 1 is_stmt 1 view -0
 228              		.cfi_startproc
 229              		@ args = 0, pretend = 0, frame = 0
 230              		@ frame_needed = 0, uses_anonymous_args = 0
 231 0000 08B5     		push	{r3, lr}
 232              	.LCFI1:
 233              		.cfi_def_cfa_offset 8
 234              		.cfi_offset 3, -8
 235              		.cfi_offset 14, -4
 207:Core/Src/stm32f4xx_it.c ****   /* USER CODE BEGIN CAN1_RX0_IRQn 0 */
 208:Core/Src/stm32f4xx_it.c ****   uint8_t i = 0;
 236              		.loc 1 208 3 view .LVU30
 237              	.LVL1:
 209:Core/Src/stm32f4xx_it.c **** 	// 接收一包数据
 210:Core/Src/stm32f4xx_it.c **** 	if(HAL_CAN_GetRxMessage((&hcan1), CAN_RX_FIFO0, (CAN_RxHeaderTypeDef *)(&can.CAN_RxMsg), (uint8_t 
 238              		.loc 1 210 2 view .LVU31
 239              		.loc 1 210 5 is_stmt 0 view .LVU32
 240 0002 0E4B     		ldr	r3, .L21
 241 0004 A3F11C02 		sub	r2, r3, #28
 242 0008 0021     		movs	r1, #0
 243 000a 0D48     		ldr	r0, .L21+4
 244 000c FFF7FEFF 		bl	HAL_CAN_GetRxMessage
 245              	.LVL2:
 246              		.loc 1 210 4 discriminator 1 view .LVU33
 247 0010 78B9     		cbnz	r0, .L17
 211:Core/Src/stm32f4xx_it.c **** 	{
 212:Core/Src/stm32f4xx_it.c **** 		// 一帧数据接收完成，置位帧标志位
 213:Core/Src/stm32f4xx_it.c **** 		for(i=can.CAN_RxMsg.DLC; i < 8; i++) { can.rxData[i] = 0; } can.rxFrameFlag = true;
 248              		.loc 1 213 3 is_stmt 1 view .LVU34
 249              		.loc 1 213 22 is_stmt 0 view .LVU35
 250 0012 0C4B     		ldr	r3, .L21+8
 251 0014 1B69     		ldr	r3, [r3, #16]
 252              		.loc 1 213 8 view .LVU36
 253 0016 DBB2     		uxtb	r3, r3
 254              	.LVL3:
 255              		.loc 1 213 3 view .LVU37
 256 0018 05E0     		b	.L18
 257              	.L19:
ARM GAS  C:\Users\81506\AppData\Local\Temp\cciPcH28.s 			page 9


 258              		.loc 1 213 42 is_stmt 1 discriminator 3 view .LVU38
 259              		.loc 1 213 56 is_stmt 0 discriminator 3 view .LVU39
 260 001a 0A4A     		ldr	r2, .L21+8
 261 001c 1A44     		add	r2, r2, r3
 262 001e 0021     		movs	r1, #0
 263 0020 1177     		strb	r1, [r2, #28]
 264              		.loc 1 213 36 is_stmt 1 discriminator 3 view .LVU40
 265 0022 0133     		adds	r3, r3, #1
 266              	.LVL4:
 267              		.loc 1 213 36 is_stmt 0 discriminator 3 view .LVU41
 268 0024 DBB2     		uxtb	r3, r3
 269              	.LVL5:
 270              	.L18:
 271              		.loc 1 213 30 is_stmt 1 discriminator 1 view .LVU42
 272 0026 072B     		cmp	r3, #7
 273 0028 F7D9     		bls	.L19
 274              		.loc 1 213 63 discriminator 4 view .LVU43
 275              		.loc 1 213 79 is_stmt 0 discriminator 4 view .LVU44
 276 002a 064B     		ldr	r3, .L21+8
 277              	.LVL6:
 278              		.loc 1 213 79 discriminator 4 view .LVU45
 279 002c 0122     		movs	r2, #1
 280 002e 83F87420 		strb	r2, [r3, #116]
 281              	.LVL7:
 282              	.L17:
 214:Core/Src/stm32f4xx_it.c **** 	}
 215:Core/Src/stm32f4xx_it.c ****   /* USER CODE END CAN1_RX0_IRQn 0 */
 216:Core/Src/stm32f4xx_it.c ****   HAL_CAN_IRQHandler(&hcan1);
 283              		.loc 1 216 3 is_stmt 1 view .LVU46
 284 0032 0348     		ldr	r0, .L21+4
 285 0034 FFF7FEFF 		bl	HAL_CAN_IRQHandler
 286              	.LVL8:
 217:Core/Src/stm32f4xx_it.c ****   /* USER CODE BEGIN CAN1_RX0_IRQn 1 */
 218:Core/Src/stm32f4xx_it.c **** 
 219:Core/Src/stm32f4xx_it.c ****   /* USER CODE END CAN1_RX0_IRQn 1 */
 220:Core/Src/stm32f4xx_it.c **** }
 287              		.loc 1 220 1 is_stmt 0 view .LVU47
 288 0038 08BD     		pop	{r3, pc}
 289              	.L22:
 290 003a 00BF     		.align	2
 291              	.L21:
 292 003c 1C000000 		.word	can+28
 293 0040 00000000 		.word	hcan1
 294 0044 00000000 		.word	can
 295              		.cfi_endproc
 296              	.LFE143:
 298              		.text
 299              	.Letext0:
 300              		.file 2 "C:/DevToolBox_Slot/GNU_CompilerCollection/arm-none-eabi/include/machine/_default_types.h"
 301              		.file 3 "C:/DevToolBox_Slot/GNU_CompilerCollection/arm-none-eabi/include/sys/_stdint.h"
 302              		.file 4 "Drivers/CMSIS/Device/ST/STM32F4xx/Include/stm32f407xx.h"
 303              		.file 5 "Drivers/CMSIS/Device/ST/STM32F4xx/Include/stm32f4xx.h"
 304              		.file 6 "Drivers/STM32F4xx_HAL_Driver/Inc/stm32f4xx_hal_def.h"
 305              		.file 7 "Drivers/STM32F4xx_HAL_Driver/Inc/stm32f4xx_hal_can.h"
 306              		.file 8 "Core/Inc/can.h"
 307              		.file 9 "Drivers/STM32F4xx_HAL_Driver/Inc/stm32f4xx_hal.h"
ARM GAS  C:\Users\81506\AppData\Local\Temp\cciPcH28.s 			page 10


DEFINED SYMBOLS
                            *ABS*:00000000 stm32f4xx_it.c
C:\Users\81506\AppData\Local\Temp\cciPcH28.s:21     .text.NMI_Handler:00000000 $t
C:\Users\81506\AppData\Local\Temp\cciPcH28.s:27     .text.NMI_Handler:00000000 NMI_Handler
C:\Users\81506\AppData\Local\Temp\cciPcH28.s:44     .text.HardFault_Handler:00000000 $t
C:\Users\81506\AppData\Local\Temp\cciPcH28.s:50     .text.HardFault_Handler:00000000 HardFault_Handler
C:\Users\81506\AppData\Local\Temp\cciPcH28.s:67     .text.MemManage_Handler:00000000 $t
C:\Users\81506\AppData\Local\Temp\cciPcH28.s:73     .text.MemManage_Handler:00000000 MemManage_Handler
C:\Users\81506\AppData\Local\Temp\cciPcH28.s:90     .text.BusFault_Handler:00000000 $t
C:\Users\81506\AppData\Local\Temp\cciPcH28.s:96     .text.BusFault_Handler:00000000 BusFault_Handler
C:\Users\81506\AppData\Local\Temp\cciPcH28.s:113    .text.UsageFault_Handler:00000000 $t
C:\Users\81506\AppData\Local\Temp\cciPcH28.s:119    .text.UsageFault_Handler:00000000 UsageFault_Handler
C:\Users\81506\AppData\Local\Temp\cciPcH28.s:136    .text.SVC_Handler:00000000 $t
C:\Users\81506\AppData\Local\Temp\cciPcH28.s:142    .text.SVC_Handler:00000000 SVC_Handler
C:\Users\81506\AppData\Local\Temp\cciPcH28.s:155    .text.DebugMon_Handler:00000000 $t
C:\Users\81506\AppData\Local\Temp\cciPcH28.s:161    .text.DebugMon_Handler:00000000 DebugMon_Handler
C:\Users\81506\AppData\Local\Temp\cciPcH28.s:174    .text.PendSV_Handler:00000000 $t
C:\Users\81506\AppData\Local\Temp\cciPcH28.s:180    .text.PendSV_Handler:00000000 PendSV_Handler
C:\Users\81506\AppData\Local\Temp\cciPcH28.s:193    .text.SysTick_Handler:00000000 $t
C:\Users\81506\AppData\Local\Temp\cciPcH28.s:199    .text.SysTick_Handler:00000000 SysTick_Handler
C:\Users\81506\AppData\Local\Temp\cciPcH28.s:219    .text.CAN1_RX0_IRQHandler:00000000 $t
C:\Users\81506\AppData\Local\Temp\cciPcH28.s:225    .text.CAN1_RX0_IRQHandler:00000000 CAN1_RX0_IRQHandler
C:\Users\81506\AppData\Local\Temp\cciPcH28.s:292    .text.CAN1_RX0_IRQHandler:0000003c $d

UNDEFINED SYMBOLS
HAL_IncTick
HAL_CAN_GetRxMessage
HAL_CAN_IRQHandler
can
hcan1
